[0916/081520.134:ERROR:process_info.cc(359)] UncheckedAllocate
[0916/153536.582:ERROR:process_reader_win.cc(188)] ResumeThread: The parameter is incorrect. (0x57)
[0916/153536.582:ERROR:process_reader_win.cc(151)] SuspendThread: Access is denied. (0x5)
[0916/153536.582:ERROR:process_reader_win.cc(151)] SuspendThread: Access is denied. (0x5)
[0916/153536.582:ERROR:process_reader_win.cc(151)] SuspendThread: Access is denied. (0x5)
[0916/153536.582:ERROR:process_reader_win.cc(151)] SuspendThread: Access is denied. (0x5)
[0916/153536.582:ERROR:process_reader_win.cc(151)] SuspendThread: Access is denied. (0x5)
[0916/153536.582:ERROR:process_reader_win.cc(151)] SuspendThread: Access is denied. (0x5)
[0916/153536.582:ERROR:process_reader_win.cc(151)] SuspendThread: Access is denied. (0x5)
[0916/153536.583:ERROR:process_reader_win.cc(151)] SuspendThread: Access is denied. (0x5)
[0916/153536.583:ERROR:process_reader_win.cc(151)] SuspendThread: Access is denied. (0x5)
[0916/153536.583:ERROR:process_reader_win.cc(151)] SuspendThread: Access is denied. (0x5)
[0916/153536.583:ERROR:process_reader_win.cc(151)] SuspendThread: Access is denied. (0x5)
[0916/153536.583:ERROR:process_reader_win.cc(151)] SuspendThread: Access is denied. (0x5)
[0916/153536.583:ERROR:process_reader_win.cc(151)] SuspendThread: Access is denied. (0x5)
[0916/153536.583:ERROR:process_reader_win.cc(151)] SuspendThread: Access is denied. (0x5)
[0916/153536.583:ERROR:process_reader_win.cc(151)] SuspendThread: Access is denied. (0x5)
[0916/153536.638:ERROR:process_memory_win.cc(73)] ReadMemory at 0x13e4cf7c030 of 72 bytes failed: Only part of a ReadProcessMemory or WriteProcessMemory request was completed. (0x12B)
[0916/153536.638:WARNING:pe_image_annotations_reader.cc(135)] could not read annotations list object in C:\Program Files (x86)\Google\Chrome\Application\85.0.4183.102\chrome_elf.dll
[0916/153536.639:ERROR:process_memory_win.cc(73)] ReadMemory at 0x13e4d140000 of 64 bytes failed: Only part of a ReadProcessMemory or WriteProcessMemory request was completed. (0x12B)
[0916/153536.639:WARNING:pe_image_reader.cc(340)] could not read dos header from C:\WINDOWS\System32\msvcrt.dll
[0916/153536.639:ERROR:process_memory_win.cc(73)] ReadMemory at 0x13e4cfb8720 of 72 bytes failed: Only part of a ReadProcessMemory or WriteProcessMemory request was completed. (0x12B)
[0916/153536.639:WARNING:pe_image_annotations_reader.cc(135)] could not read annotations list object in C:\Program Files (x86)\Google\Chrome\Application\85.0.4183.102\chrome.dll
[0916/153536.639:ERROR:process_memory_win.cc(73)] ReadMemory at 0x13e4cf7c030 of 72 bytes failed: Only part of a ReadProcessMemory or WriteProcessMemory request was completed. (0x12B)
[0916/153536.639:WARNING:pe_image_annotations_reader.cc(135)] could not read annotations list object in C:\Program Files (x86)\Google\Chrome\Application\85.0.4183.102\chrome_elf.dll
[0916/153536.639:ERROR:process_memory_win.cc(73)] ReadMemory at 0x13e4d140000 of 64 bytes failed: Only part of a ReadProcessMemory or WriteProcessMemory request was completed. (0x12B)
[0916/153536.639:WARNING:pe_image_reader.cc(340)] could not read dos header from C:\WINDOWS\System32\msvcrt.dll
[0916/153536.640:ERROR:process_memory_win.cc(73)] ReadMemory at 0x13e4cfb8720 of 72 bytes failed: Only part of a ReadProcessMemory or WriteProcessMemory request was completed. (0x12B)
[0916/153536.640:WARNING:pe_image_annotations_reader.cc(135)] could not read annotations list object in C:\Program Files (x86)\Google\Chrome\Application\85.0.4183.102\chrome.dll
[0916/153536.649:ERROR:process_memory_win.cc(73)] ReadMemory at 0x1e3e7d8000 of 163840 bytes failed: Only part of a ReadProcessMemory or WriteProcessMemory request was completed. (0x12B)
[0916/153536.649:ERROR:process_memory_win.cc(73)] ReadMemory at 0x1e3de36000 of 852 bytes failed: Only part of a ReadProcessMemory or WriteProcessMemory request was completed. (0x12B)
[0916/153536.649:ERROR:process_memory_win.cc(73)] ReadMemory at 0x1e3de37000 of 6024 bytes failed: Only part of a ReadProcessMemory or WriteProcessMemory request was completed. (0x12B)
[0916/153536.650:ERROR:process_memory_win.cc(73)] ReadMemory at 0x13e4cf70fe0 of 8294 bytes failed: Only part of a ReadProcessMemory or WriteProcessMemory request was completed. (0x12B)
[0916/153536.650:ERROR:process_memory_win.cc(73)] ReadMemory at 0x13e4cf73050 of 1012 bytes failed: Only part of a ReadProcessMemory or WriteProcessMemory request was completed. (0x12B)
[0916/153536.650:ERROR:process_memory_win.cc(73)] ReadMemory at 0x13e4cf73698 of 118 bytes failed: Only part of a ReadProcessMemory or WriteProcessMemory request was completed. (0x12B)
[0916/153536.650:ERROR:process_memory_win.cc(73)] ReadMemory at 0x13e4cf73710 of 908 bytes failed: Only part of a ReadProcessMemory or WriteProcessMemory request was completed. (0x12B)
[0916/153536.650:ERROR:process_memory_win.cc(73)] ReadMemory at 0x13e4cf73a9e of 118 bytes failed: Only part of a ReadProcessMemory or WriteProcessMemory request was completed. (0x12B)
[0916/153536.650:ERROR:process_memory_win.cc(73)] ReadMemory at 0x13e4cf73b16 of 98 bytes failed: Only part of a ReadProcessMemory or WriteProcessMemory request was completed. (0x12B)
[0916/153536.650:ERROR:process_memory_win.cc(73)] ReadMemory at 0x13e4cf73b90 of 58 bytes failed: Only part of a ReadProcessMemory or WriteProcessMemory request was completed. (0x12B)
[0916/153536.650:ERROR:process_memory_win.cc(73)] ReadMemory at 0x13e4cf73c90 of 132 bytes failed: Only part of a ReadProcessMemory or WriteProcessMemory request was completed. (0x12B)
[0916/153536.650:ERROR:process_memory_win.cc(73)] ReadMemory at 0x13e4cf73e20 of 132 bytes failed: Only part of a ReadProcessMemory or WriteProcessMemory request was completed. (0x12B)
[0916/153536.650:ERROR:process_memory_win.cc(73)] ReadMemory at 0x13e4cf73fe0 of 126 bytes failed: Only part of a ReadProcessMemory or WriteProcessMemory request was completed. (0x12B)
[0916/153536.650:ERROR:process_memory_win.cc(73)] ReadMemory at 0x13e4cf743c0 of 132 bytes failed: Only part of a ReadProcessMemory or WriteProcessMemory request was completed. (0x12B)
[0916/153536.650:ERROR:process_memory_win.cc(73)] ReadMemory at 0x13e4cf74550 of 64 bytes failed: Only part of a ReadProcessMemory or WriteProcessMemory request was completed. (0x12B)
[0916/153536.650:ERROR:process_memory_win.cc(73)] ReadMemory at 0x13e4cf74710 of 132 bytes failed: Only part of a ReadProcessMemory or WriteProcessMemory request was completed. (0x12B)
[0916/153536.650:ERROR:process_memory_win.cc(73)] ReadMemory at 0x13e4cf749b0 of 132 bytes failed: Only part of a ReadProcessMemory or WriteProcessMemory request was completed. (0x12B)
[0916/153536.650:ERROR:process_memory_win.cc(73)] ReadMemory at 0x13e4cf74b40 of 68 bytes failed: Only part of a ReadProcessMemory or WriteProcessMemory request was completed. (0x12B)
[0916/153536.650:ERROR:process_memory_win.cc(73)] ReadMemory at 0x13e4cf75c50 of 132 bytes failed: Only part of a ReadProcessMemory or WriteProcessMemory request was completed. (0x12B)
[0916/153536.650:ERROR:process_memory_win.cc(73)] ReadMemory at 0x13e4cf75de0 of 154 bytes failed: Only part of a ReadProcessMemory or WriteProcessMemory request was completed. (0x12B)
[0916/153536.650:ERROR:process_memory_win.cc(73)] ReadMemory at 0x13e4cf78730 of 62 bytes failed: Only part of a ReadProcessMemory or WriteProcessMemory request was completed. (0x12B)
[0916/153536.650:ERROR:process_memory_win.cc(73)] ReadMemory at 0x13e4cf78860 of 132 bytes failed: Only part of a ReadProcessMemory or WriteProcessMemory request was completed. (0x12B)
[0916/153536.651:ERROR:process_memory_win.cc(73)] ReadMemory at 0x13e4cf789f0 of 60 bytes failed: Only part of a ReadProcessMemory or WriteProcessMemory request was completed. (0x12B)
[0916/153536.651:ERROR:process_memory_win.cc(73)] ReadMemory at 0x13e4cf7c260 of 62 bytes failed: Only part of a ReadProcessMemory or WriteProcessMemory request was completed. (0x12B)
[0916/153536.651:ERROR:process_memory_win.cc(73)] ReadMemory at 0x13e4cf7d9a0 of 54 bytes failed: Only part of a ReadProcessMemory or WriteProcessMemory request was completed. (0x12B)
[0916/153536.651:ERROR:process_memory_win.cc(73)] ReadMemory at 0x13e4cf83520 of 80 bytes failed: Only part of a ReadProcessMemory or WriteProcessMemory request was completed. (0x12B)
[0916/153536.651:ERROR:process_memory_win.cc(73)] ReadMemory at 0x13e4cf83760 of 76 bytes failed: Only part of a ReadProcessMemory or WriteProcessMemory request was completed. (0x12B)
[0916/153536.651:ERROR:process_memory_win.cc(73)] ReadMemory at 0x13e4cf839a0 of 80 bytes failed: Only part of a ReadProcessMemory or WriteProcessMemory request was completed. (0x12B)
[0916/153536.651:ERROR:process_memory_win.cc(73)] ReadMemory at 0x13e4cf86580 of 132 bytes failed: Only part of a ReadProcessMemory or WriteProcessMemory request was completed. (0x12B)
[0916/153536.651:ERROR:process_memory_win.cc(73)] ReadMemory at 0x13e4cf87010 of 146 bytes failed: Only part of a ReadProcessMemory or WriteProcessMemory request was completed. (0x12B)
[0916/153536.651:ERROR:process_memory_win.cc(73)] ReadMemory at 0x13e4cf870f0 of 132 bytes failed: Only part of a ReadProcessMemory or WriteProcessMemory request was completed. (0x12B)
[0916/153536.651:ERROR:process_memory_win.cc(73)] ReadMemory at 0x13e4cf875e0 of 132 bytes failed: Only part of a ReadProcessMemory or WriteProcessMemory request was completed. (0x12B)
[0916/153536.651:ERROR:process_memory_win.cc(73)] ReadMemory at 0x13e4cf877d0 of 132 bytes failed: Only part of a ReadProcessMemory or WriteProcessMemory request was completed. (0x12B)
[0916/153536.651:ERROR:process_memory_win.cc(73)] ReadMemory at 0x13e4cf89e30 of 132 bytes failed: Only part of a ReadProcessMemory or WriteProcessMemory request was completed. (0x12B)
[0916/153536.651:ERROR:process_memory_win.cc(73)] ReadMemory at 0x13e4cf89f60 of 132 bytes failed: Only part of a ReadProcessMemory or WriteProcessMemory request was completed. (0x12B)
[0916/153536.651:ERROR:process_memory_win.cc(73)] ReadMemory at 0x13e4cf8a090 of 132 bytes failed: Only part of a ReadProcessMemory or WriteProcessMemory request was completed. (0x12B)
[0916/153536.651:ERROR:process_memory_win.cc(73)] ReadMemory at 0x13e4cf8a1c0 of 132 bytes failed: Only part of a ReadProcessMemory or WriteProcessMemory request was completed. (0x12B)
[0916/153536.651:ERROR:process_memory_win.cc(73)] ReadMemory at 0x13e4cf8a2f0 of 132 bytes failed: Only part of a ReadProcessMemory or WriteProcessMemory request was completed. (0x12B)
[0916/153536.651:ERROR:process_memory_win.cc(73)] ReadMemory at 0x13e4cf8a420 of 132 bytes failed: Only part of a ReadProcessMemory or WriteProcessMemory request was completed. (0x12B)
[0916/153536.651:ERROR:process_memory_win.cc(73)] ReadMemory at 0x13e4cf8b7f0 of 132 bytes failed: Only part of a ReadProcessMemory or WriteProcessMemory request was completed. (0x12B)
[0916/153536.651:ERROR:process_memory_win.cc(73)] ReadMemory at 0x13e4cf8bd60 of 132 bytes failed: Only part of a ReadProcessMemory or WriteProcessMemory request was completed. (0x12B)
[0916/153536.651:ERROR:process_memory_win.cc(73)] ReadMemory at 0x13e4cf8ce70 of 132 bytes failed: Only part of a ReadProcessMemory or WriteProcessMemory request was completed. (0x12B)
[0916/153536.651:ERROR:process_memory_win.cc(73)] ReadMemory at 0x13e4cf8f210 of 132 bytes failed: Only part of a ReadProcessMemory or WriteProcessMemory request was completed. (0x12B)
[0916/153536.652:ERROR:process_memory_win.cc(73)] ReadMemory at 0x13e4cf8f570 of 132 bytes failed: Only part of a ReadProcessMemory or WriteProcessMemory request was completed. (0x12B)
[0916/153536.652:ERROR:process_memory_win.cc(73)] ReadMemory at 0x13e4cf8f780 of 132 bytes failed: Only part of a ReadProcessMemory or WriteProcessMemory request was completed. (0x12B)
[0916/153536.652:ERROR:process_memory_win.cc(73)] ReadMemory at 0x13e4cf8f9d0 of 62 bytes failed: Only part of a ReadProcessMemory or WriteProcessMemory request was completed. (0x12B)
[0916/153536.652:ERROR:process_memory_win.cc(73)] ReadMemory at 0x13e4cf8fa70 of 62 bytes failed: Only part of a ReadProcessMemory or WriteProcessMemory request was completed. (0x12B)
[0916/153536.652:ERROR:process_memory_win.cc(73)] ReadMemory at 0x13e4cf8fb60 of 60 bytes failed: Only part of a ReadProcessMemory or WriteProcessMemory request was completed. (0x12B)
[0916/153536.652:ERROR:process_memory_win.cc(73)] ReadMemory at 0x13e4cf8fc50 of 66 bytes failed: Only part of a ReadProcessMemory or WriteProcessMemory request was completed. (0x12B)
[0916/153536.652:ERROR:process_memory_win.cc(73)] ReadMemory at 0x13e4cf8fca0 of 64 bytes failed: Only part of a ReadProcessMemory or WriteProcessMemory request was completed. (0x12B)
[0916/153536.652:ERROR:process_memory_win.cc(73)] ReadMemory at 0x13e4cf8fd40 of 58 bytes failed: Only part of a ReadProcessMemory or WriteProcessMemory request was completed. (0x12B)
[0916/153536.652:ERROR:process_memory_win.cc(73)] ReadMemory at 0x13e4cf8fde0 of 62 bytes failed: Only part of a ReadProcessMemory or WriteProcessMemory request was completed. (0x12B)
[0916/153536.652:ERROR:process_memory_win.cc(73)] ReadMemory at 0x13e4cf8fe30 of 62 bytes failed: Only part of a ReadProcessMemory or WriteProcessMemory request was completed. (0x12B)
[0916/153536.652:ERROR:process_memory_win.cc(73)] ReadMemory at 0x13e4cf8fe80 of 60 bytes failed: Only part of a ReadProcessMemory or WriteProcessMemory request was completed. (0x12B)
[0916/153536.652:ERROR:process_memory_win.cc(73)] ReadMemory at 0x13e4cf8fed0 of 62 bytes failed: Only part of a ReadProcessMemory or WriteProcessMemory request was completed. (0x12B)
[0916/153536.652:ERROR:process_memory_win.cc(73)] ReadMemory at 0x13e4cf8ff20 of 64 bytes failed: Only part of a ReadProcessMemory or WriteProcessMemory request was completed. (0x12B)
[0916/153536.652:ERROR:process_memory_win.cc(73)] ReadMemory at 0x13e4cf90060 of 60 bytes failed: Only part of a ReadProcessMemory or WriteProcessMemory request was completed. (0x12B)
[0916/153536.652:ERROR:process_memory_win.cc(73)] ReadMemory at 0x13e4cf900b0 of 62 bytes failed: Only part of a ReadProcessMemory or WriteProcessMemory request was completed. (0x12B)
[0916/153536.652:ERROR:process_memory_win.cc(73)] ReadMemory at 0x13e4cf90100 of 60 bytes failed: Only part of a ReadProcessMemory or WriteProcessMemory request was completed. (0x12B)
[0916/153536.652:ERROR:process_memory_win.cc(73)] ReadMemory at 0x13e4cf902e0 of 64 bytes failed: Only part of a ReadProcessMemory or WriteProcessMemory request was completed. (0x12B)
[0916/153536.652:ERROR:process_memory_win.cc(73)] ReadMemory at 0x13e4cf90330 of 64 bytes failed: Only part of a ReadProcessMemory or WriteProcessMemory request was completed. (0x12B)
[0916/153536.652:ERROR:process_memory_win.cc(73)] ReadMemory at 0x13e4cf90380 of 62 bytes failed: Only part of a ReadProcessMemory or WriteProcessMemory request was completed. (0x12B)
[0916/153536.652:ERROR:process_memory_win.cc(73)] ReadMemory at 0x13e4cf903d0 of 64 bytes failed: Only part of a ReadProcessMemory or WriteProcessMemory request was completed. (0x12B)
[0916/153536.652:ERROR:process_memory_win.cc(73)] ReadMemory at 0x13e4cf904c0 of 64 bytes failed: Only part of a ReadProcessMemory or WriteProcessMemory request was completed. (0x12B)
[0916/153536.652:ERROR:process_memory_win.cc(73)] ReadMemory at 0x13e4cf90510 of 60 bytes failed: Only part of a ReadProcessMemory or WriteProcessMemory request was completed. (0x12B)
[0916/153536.652:ERROR:process_memory_win.cc(73)] ReadMemory at 0x13e4cf90650 of 62 bytes failed: Only part of a ReadProcessMemory or WriteProcessMemory request was completed. (0x12B)
[0916/153536.652:ERROR:process_memory_win.cc(73)] ReadMemory at 0x13e4cf906a0 of 64 bytes failed: Only part of a ReadProcessMemory or WriteProcessMemory request was completed. (0x12B)
[0916/153536.653:ERROR:process_memory_win.cc(73)] ReadMemory at 0x13e4cf90740 of 64 bytes failed: Only part of a ReadProcessMemory or WriteProcessMemory request was completed. (0x12B)
[0916/153536.653:ERROR:process_memory_win.cc(73)] ReadMemory at 0x13e4cf90880 of 62 bytes failed: Only part of a ReadProcessMemory or WriteProcessMemory request was completed. (0x12B)
[0916/153536.653:ERROR:process_memory_win.cc(73)] ReadMemory at 0x13e4cf908d0 of 60 bytes failed: Only part of a ReadProcessMemory or WriteProcessMemory request was completed. (0x12B)
[0916/153536.653:ERROR:process_memory_win.cc(73)] ReadMemory at 0x13e4cf90920 of 66 bytes failed: Only part of a ReadProcessMemory or WriteProcessMemory request was completed. (0x12B)
[0916/153536.653:ERROR:process_memory_win.cc(73)] ReadMemory at 0x13e4cf93fc0 of 132 bytes failed: Only part of a ReadProcessMemory or WriteProcessMemory request was completed. (0x12B)
[0916/153536.653:ERROR:process_memory_win.cc(73)] ReadMemory at 0x13e4cf940f0 of 132 bytes failed: Only part of a ReadProcessMemory or WriteProcessMemory request was completed. (0x12B)
[0916/153536.653:ERROR:process_memory_win.cc(73)] ReadMemory at 0x13e4cf94220 of 132 bytes failed: Only part of a ReadProcessMemory or WriteProcessMemory request was completed. (0x12B)
[0916/153536.653:ERROR:process_memory_win.cc(73)] ReadMemory at 0x13e4cf94350 of 132 bytes failed: Only part of a ReadProcessMemory or WriteProcessMemory request was completed. (0x12B)
[0916/153536.653:ERROR:process_memory_win.cc(73)] ReadMemory at 0x13e4cf945b0 of 132 bytes failed: Only part of a ReadProcessMemory or WriteProcessMemory request was completed. (0x12B)
[0916/153536.653:ERROR:process_memory_win.cc(73)] ReadMemory at 0x13e4cf946e0 of 132 bytes failed: Only part of a ReadProcessMemory or WriteProcessMemory request was completed. (0x12B)
[0916/153536.653:ERROR:process_memory_win.cc(73)] ReadMemory at 0x13e4cf94810 of 132 bytes failed: Only part of a ReadProcessMemory or WriteProcessMemory request was completed. (0x12B)
[0916/153536.653:ERROR:process_memory_win.cc(73)] ReadMemory at 0x13e4cf94a70 of 132 bytes failed: Only part of a ReadProcessMemory or WriteProcessMemory request was completed. (0x12B)
[0916/153536.653:ERROR:process_memory_win.cc(73)] ReadMemory at 0x13e4cf94ba0 of 132 bytes failed: Only part of a ReadProcessMemory or WriteProcessMemory request was completed. (0x12B)
[0916/153536.653:ERROR:process_memory_win.cc(73)] ReadMemory at 0x13e4cf94e00 of 132 bytes failed: Only part of a ReadProcessMemory or WriteProcessMemory request was completed. (0x12B)
[0916/153536.653:ERROR:process_memory_win.cc(73)] ReadMemory at 0x13e4cf94f30 of 132 bytes failed: Only part of a ReadProcessMemory or WriteProcessMemory request was completed. (0x12B)
[0916/153536.653:ERROR:process_memory_win.cc(73)] ReadMemory at 0x13e4cf95190 of 132 bytes failed: Only part of a ReadProcessMemory or WriteProcessMemory request was completed. (0x12B)
[0916/153536.653:ERROR:process_memory_win.cc(73)] ReadMemory at 0x13e4cf952c0 of 132 bytes failed: Only part of a ReadProcessMemory or WriteProcessMemory request was completed. (0x12B)
[0916/153536.653:ERROR:process_memory_win.cc(73)] ReadMemory at 0x13e4cf95520 of 132 bytes failed: Only part of a ReadProcessMemory or WriteProcessMemory request was completed. (0x12B)
[0916/153536.653:ERROR:process_memory_win.cc(73)] ReadMemory at 0x13e4cf95c40 of 132 bytes failed: Only part of a ReadProcessMemory or WriteProcessMemory request was completed. (0x12B)
[0916/153536.653:ERROR:process_memory_win.cc(73)] ReadMemory at 0x13e4cf95d70 of 132 bytes failed: Only part of a ReadProcessMemory or WriteProcessMemory request was completed. (0x12B)
[0916/153536.654:ERROR:process_memory_win.cc(73)] ReadMemory at 0x13e4ecc8e00 of 512 bytes failed: Only part of a ReadProcessMemory or WriteProcessMemory request was completed. (0x12B)
[0916/153536.655:ERROR:scoped_process_suspend.cc(40)] NtResumeProcess: An attempt was made to access an exiting process. (0xc000010a)
