2020-03-06 00:53:16 +0000  Initial pipeline context: <IDEDistributionProcessingPipelineContext: 0x7ff3e03c5170; archive(resolved)='<IDEArchive: 0x7ff3dbb11fd0>', distributionTask(resolved)='2', distributionDestination(resolved)='2', distributionMethod(resolved)='<IDEDistributionMethodiOSAppStoreDistribution: 0x7ff3db75c4c0>', team(resolved)='<IDEProvisioningDisambiguatableBasicTeam: 0x7ff3de8ab8e0; teamID='4BNNP9NY6A', teamName='Kenton Palmer', teamType='Individual', username='krp354@icloud.com', isFreeProvisioningTeam='0'>'>
	Chain (13, self inclusive):
	<IDEDistributionProcessingPipelineContext: 0x7ff3e03c5170; archive = '<IDEArchive: 0x7ff3dbb11fd0>', distributionMethod='<IDEDistributionMethodiOSAppStoreDistribution: 0x7ff3db75c4c0>', team='<IDEProvisioningDisambiguatableBasicTeam: 0x7ff3de8ab8e0; teamID='4BNNP9NY6A', teamName='Kenton Palmer', teamType='Individual', username='krp354@icloud.com', isFreeProvisioningTeam='0'>'>
	<IDEDistributionProcessingPipelineContext: 0x7ff3e0391370; archive = '<IDEArchive: 0x7ff3dbb11fd0>', distributionMethod='<IDEDistributionMethodiOSAppStoreDistribution: 0x7ff3db75c4c0>', team='<IDEProvisioningDisambiguatableBasicTeam: 0x7ff3de8ab8e0; teamID='4BNNP9NY6A', teamName='Kenton Palmer', teamType='Individual', username='krp354@icloud.com', isFreeProvisioningTeam='0'>'>
	<IDEDistributionContext: 0x7ff3e03996a0; archive = '<IDEArchive: 0x7ff3dbb11fd0>', distributionMethod='<IDEDistributionMethodiOSAppStoreDistribution: 0x7ff3db75c4c0>', team='<IDEProvisioningDisambiguatableBasicTeam: 0x7ff3de8ab8e0; teamID='4BNNP9NY6A', teamName='Kenton Palmer', teamType='Individual', username='krp354@icloud.com', isFreeProvisioningTeam='0'>'>
	<IDEDistributionContext: 0x7ff3deaed800; archive = '<IDEArchive: 0x7ff3dbb11fd0>', distributionMethod='<IDEDistributionMethodiOSAppStoreDistribution: 0x7ff3db75c4c0>', team='<IDEProvisioningDisambiguatableBasicTeam: 0x7ff3de8ab8e0; teamID='4BNNP9NY6A', teamName='Kenton Palmer', teamType='Individual', username='krp354@icloud.com', isFreeProvisioningTeam='0'>'>
	<IDEDistributionContext: 0x7ff3deaf1f70; archive = '<IDEArchive: 0x7ff3dbb11fd0>', distributionMethod='<IDEDistributionMethodiOSAppStoreDistribution: 0x7ff3db75c4c0>', team='<IDEProvisioningDisambiguatableBasicTeam: 0x7ff3de8ab8e0; teamID='4BNNP9NY6A', teamName='Kenton Palmer', teamType='Individual', username='krp354@icloud.com', isFreeProvisioningTeam='0'>'>
	<IDEDistributionContext: 0x7ff3e024bc30; archive = '<IDEArchive: 0x7ff3dbb11fd0>', distributionMethod='<IDEDistributionMethodiOSAppStoreDistribution: 0x7ff3db75c4c0>', team='<IDEProvisioningDisambiguatableBasicTeam: 0x7ff3de8ab8e0; teamID='4BNNP9NY6A', teamName='Kenton Palmer', teamType='Individual', username='krp354@icloud.com', isFreeProvisioningTeam='0'>'>
	<IDEDistributionContext: 0x7ff3e0087a10; archive = '<IDEArchive: 0x7ff3dbb11fd0>', distributionMethod='<IDEDistributionMethodiOSAppStoreDistribution: 0x7ff3db75c4c0>', team='<IDEProvisioningDisambiguatableBasicTeam: 0x7ff3de8ab8e0; teamID='4BNNP9NY6A', teamName='Kenton Palmer', teamType='Individual', username='krp354@icloud.com', isFreeProvisioningTeam='0'>'>
	<IDEDistributionContext: 0x7ff3e00c6380; archive = '<IDEArchive: 0x7ff3dbb11fd0>', distributionMethod='<IDEDistributionMethodiOSAppStoreDistribution: 0x7ff3db75c4c0>', team='<IDEProvisioningDisambiguatableBasicTeam: 0x7ff3de8ab8e0; teamID='4BNNP9NY6A', teamName='Kenton Palmer', teamType='Individual', username='krp354@icloud.com', isFreeProvisioningTeam='0'>'>
	<IDEDistributionContext: 0x7ff3e00edaa0; archive = '<IDEArchive: 0x7ff3dbb11fd0>', distributionMethod='<IDEDistributionMethodiOSAppStoreDistribution: 0x7ff3db75c4c0>', team='<IDEProvisioningDisambiguatableBasicTeam: 0x7ff3de8ab8e0; teamID='4BNNP9NY6A', teamName='Kenton Palmer', teamType='Individual', username='krp354@icloud.com', isFreeProvisioningTeam='0'>'>
	<IDEDistributionContext: 0x7ff3e00a8ff0; archive = '<IDEArchive: 0x7ff3dbb11fd0>', distributionMethod='<IDEDistributionMethodiOSAppStoreDistribution: 0x7ff3db75c4c0>', team='<IDEProvisioningDisambiguatableBasicTeam: 0x7ff3de8ab8e0; teamID='4BNNP9NY6A', teamName='Kenton Palmer', teamType='Individual', username='krp354@icloud.com', isFreeProvisioningTeam='0'>'>
	<IDEDistributionContext: 0x7ff3e04416b0; archive = '<IDEArchive: 0x7ff3dbb11fd0>', distributionMethod='<IDEDistributionMethodiOSAppStoreDistribution: 0x7ff3db75c4c0>', team='(null)'>
	<IDEDistributionContext: 0x7ff3ddbc4fc0; archive = '<IDEArchive: 0x7ff3dbb11fd0>', distributionMethod='<IDEDistributionMethodiOSAppStoreDistribution: 0x7ff3db75c4c0>', team='(null)'>
	<IDEDistributionContext: 0x7ff3e01e1500; archive = '<IDEArchive: 0x7ff3dbb11fd0>', distributionMethod='(null)', team='(null)'>
</IDEDistributionProcessingPipelineContext: 0x7ff3e03c5170>
2020-03-06 00:53:16 +0000  Processing step: IDEDistributionCreateDestRootStep
2020-03-06 00:53:16 +0000  Processing step: IDEDistributionCopyItemStep
2020-03-06 00:53:16 +0000  Running /usr/bin/ditto '-V' '/Users/Pianote/Library/Developer/Xcode/Archives/2020-03-05/Pianote2 2020-03-05, 7.52 PM.xcarchive/Products/Applications/Pianote.app' '/var/folders/rv/1qthzdcd2r95yk6h5kh69vfh0000gp/T/XcodeDistPipeline.~~~NMfGM6/Root/Payload/Pianote.app'
2020-03-06 00:53:16 +0000  >>> Copying /Users/Pianote/Library/Developer/Xcode/Archives/2020-03-05/Pianote2 2020-03-05, 7.52 PM.xcarchive/Products/Applications/Pianote.app 
2020-03-06 00:53:16 +0000  copying file ./_CodeSignature/CodeResources ... 
2020-03-06 00:53:16 +0000  41773 bytes for ./_CodeSignature/CodeResources
2020-03-06 00:53:16 +0000  copying file ./Fontisto.ttf ... 
2020-03-06 00:53:16 +0000  313528 bytes for ./Fontisto.ttf
copying file ./Octicons.ttf ... 
2020-03-06 00:53:16 +0000  28364 bytes for ./Octicons.ttf
2020-03-06 00:53:16 +0000  copying file ./Roboto-Medium.ttf ... 
2020-03-06 00:53:16 +0000  171656 bytes for ./Roboto-Medium.ttf
2020-03-06 00:53:16 +0000  copying file ./Feather.ttf ... 
2020-03-06 00:53:16 +0000  58272 bytes for ./Feather.ttf
copying file ./LaunchImage-1100-Portrait-2436h@3x.png ... 
2020-03-06 00:53:16 +0000  45342 bytes for ./LaunchImage-1100-Portrait-2436h@3x.png
2020-03-06 00:53:16 +0000  copying file ./Roboto-Light.ttf ... 
2020-03-06 00:53:16 +0000  170012 bytes for ./Roboto-Light.ttf
copying file ./LaunchImage@2x.png ... 
2020-03-06 00:53:16 +0000  18473 bytes for ./LaunchImage@2x.png
2020-03-06 00:53:16 +0000  copying file ./AppIcon20x20@2x.png ... 
2020-03-06 00:53:16 +0000  1095 bytes for ./AppIcon20x20@2x.png
2020-03-06 00:53:16 +0000  copying file ./LaunchImage-1200-Landscape-1792h@2x.png ... 
2020-03-06 00:53:16 +0000  26013 bytes for ./LaunchImage-1200-Landscape-1792h@2x.png
2020-03-06 00:53:16 +0000  copying file ./Entypo.ttf ... 
2020-03-06 00:53:16 +0000  65584 bytes for ./Entypo.ttf
2020-03-06 00:53:16 +0000  copying file ./RobotoCondensed-Bold.ttf ... 
2020-03-06 00:53:16 +0000  169352 bytes for ./RobotoCondensed-Bold.ttf
2020-03-06 00:53:16 +0000  copying file ./AppIcon20x20@3x.png ... 
2020-03-06 00:53:16 +0000  1943 bytes for ./AppIcon20x20@3x.png
2020-03-06 00:53:16 +0000  copying file ./RobotoCondensed-Light.ttf ... 
2020-03-06 00:53:16 +0000  167568 bytes for ./RobotoCondensed-Light.ttf
2020-03-06 00:53:16 +0000  copying file ./FontAwesome5_Brands.ttf ... 
2020-03-06 00:53:16 +0000  125016 bytes for ./FontAwesome5_Brands.ttf
2020-03-06 00:53:16 +0000  copying file ./MaterialCommunityIcons.ttf ... 
2020-03-06 00:53:16 +0000  546548 bytes for ./MaterialCommunityIcons.ttf
2020-03-06 00:53:16 +0000  copying file ./Roboto-Regular.ttf ... 
2020-03-06 00:53:16 +0000  171272 bytes for ./Roboto-Regular.ttf
2020-03-06 00:53:16 +0000  copying file ./LaunchImage-568h@2x.png ... 
2020-03-06 00:53:16 +0000  19157 bytes for ./LaunchImage-568h@2x.png
copying file ./Roboto-MediumItalic.ttf ... 
2020-03-06 00:53:16 +0000  176428 bytes for ./Roboto-MediumItalic.ttf
2020-03-06 00:53:16 +0000  copying file ./AppIcon60x60@2x.png ... 
2020-03-06 00:53:16 +0000  4416 bytes for ./AppIcon60x60@2x.png
2020-03-06 00:53:16 +0000  copying file ./AppIcon29x29@2x.png ... 
2020-03-06 00:53:16 +0000  1823 bytes for ./AppIcon29x29@2x.png
2020-03-06 00:53:16 +0000  copying file ./LaunchImage-1100-Landscape-2436h@3x.png ... 
2020-03-06 00:53:16 +0000  43115 bytes for ./LaunchImage-1100-Landscape-2436h@3x.png
2020-03-06 00:53:16 +0000  copying file ./AntDesign.ttf ... 
2020-03-06 00:53:16 +0000  70344 bytes for ./AntDesign.ttf
2020-03-06 00:53:16 +0000  copying file ./RobotoCondensed-Italic.ttf ... 
2020-03-06 00:53:16 +0000  174736 bytes for ./RobotoCondensed-Italic.ttf
2020-03-06 00:53:16 +0000  copying file ./LaunchImage-800-667h@2x.png ... 
2020-03-06 00:53:16 +0000  22802 bytes for ./LaunchImage-800-667h@2x.png
2020-03-06 00:53:16 +0000  copying file ./LaunchImage-Portrait@2x~ipad.png ... 
2020-03-06 00:53:16 +0000  49146 bytes for ./LaunchImage-Portrait@2x~ipad.png
2020-03-06 00:53:16 +0000  copying file ./AppIcon40x40@3x.png ... 
2020-03-06 00:53:16 +0000  4416 bytes for ./AppIcon40x40@3x.png
2020-03-06 00:53:16 +0000  copying file ./RobotoCondensed-BoldItalic.ttf ... 
2020-03-06 00:53:16 +0000  175420 bytes for ./RobotoCondensed-BoldItalic.ttf
2020-03-06 00:53:16 +0000  copying file ./Foundation.ttf ... 
2020-03-06 00:53:16 +0000  56976 bytes for ./Foundation.ttf
2020-03-06 00:53:16 +0000  copying file ./Ionicons.ttf ... 
2020-03-06 00:53:16 +0000  112472 bytes for ./Ionicons.ttf
2020-03-06 00:53:16 +0000  copying file ./FontAwesome5_Solid.ttf ... 
2020-03-06 00:53:16 +0000  186228 bytes for ./FontAwesome5_Solid.ttf
2020-03-06 00:53:16 +0000  copying file ./AppIcon40x40@2x.png ... 
2020-03-06 00:53:16 +0000  2756 bytes for ./AppIcon40x40@2x.png
2020-03-06 00:53:16 +0000  copying file ./LaunchImage-Portrait~ipad.png ... 
2020-03-06 00:53:16 +0000  22003 bytes for ./LaunchImage-Portrait~ipad.png
2020-03-06 00:53:16 +0000  copying file ./FontAwesome5_Regular.ttf ... 
2020-03-06 00:53:16 +0000  34092 bytes for ./FontAwesome5_Regular.ttf
2020-03-06 00:53:16 +0000  copying file ./LaunchImage-1200-Portrait-2688h@3x.png ... 
2020-03-06 00:53:17 +0000  44461 bytes for ./LaunchImage-1200-Portrait-2688h@3x.png
2020-03-06 00:53:17 +0000  copying file ./AppIcon29x29@3x.png ... 
2020-03-06 00:53:17 +0000  3022 bytes for ./AppIcon29x29@3x.png
2020-03-06 00:53:17 +0000  copying file ./AppIcon60x60@3x.png ... 
2020-03-06 00:53:17 +0000  6961 bytes for ./AppIcon60x60@3x.png
2020-03-06 00:53:17 +0000  copying file ./Base.lproj/LaunchScreen.nib ... 
2020-03-06 00:53:17 +0000  3100 bytes for ./Base.lproj/LaunchScreen.nib
2020-03-06 00:53:17 +0000  copying file ./FontAwesome.ttf ... 
2020-03-06 00:53:17 +0000  165548 bytes for ./FontAwesome.ttf
2020-03-06 00:53:17 +0000  copying file ./Zocial.ttf ... 
2020-03-06 00:53:17 +0000  25552 bytes for ./Zocial.ttf
2020-03-06 00:53:17 +0000  copying file ./LaunchImage-Landscape~ipad.png ... 
2020-03-06 00:53:17 +0000  21911 bytes for ./LaunchImage-Landscape~ipad.png
2020-03-06 00:53:17 +0000  copying file ./RobotoCondensed-LightItalic.ttf ... 
2020-03-06 00:53:17 +0000  174908 bytes for ./RobotoCondensed-LightItalic.ttf
2020-03-06 00:53:17 +0000  copying file ./LaunchImage-700-Portrait~ipad.png ... 
2020-03-06 00:53:17 +0000  22003 bytes for ./LaunchImage-700-Portrait~ipad.png
2020-03-06 00:53:17 +0000  copying file ./Pianote ... 
2020-03-06 00:53:17 +0000  57319200 bytes for ./Pianote
2020-03-06 00:53:17 +0000  copying file ./Assets.car ... 
2020-03-06 00:53:17 +0000  84504 bytes for ./Assets.car
copying file ./EvilIcons.ttf ... 
2020-03-06 00:53:17 +0000  13456 bytes for ./EvilIcons.ttf
2020-03-06 00:53:17 +0000  copying file ./LaunchImage-800-Portrait-736h@3x.png ... 
2020-03-06 00:53:17 +0000  41656 bytes for ./LaunchImage-800-Portrait-736h@3x.png
2020-03-06 00:53:17 +0000  copying file ./main.jsbundle ... 
2020-03-06 00:53:17 +0000  2266725 bytes for ./main.jsbundle
2020-03-06 00:53:17 +0000  copying file ./Roboto-ThinItalic.ttf ... 
2020-03-06 00:53:17 +0000  175872 bytes for ./Roboto-ThinItalic.ttf
2020-03-06 00:53:17 +0000  copying file ./RobotoCondensed-Regular.ttf ... 
2020-03-06 00:53:17 +0000  169848 bytes for ./RobotoCondensed-Regular.ttf
2020-03-06 00:53:17 +0000  copying file ./LaunchImage-700@2x.png ... 
2020-03-06 00:53:17 +0000  18473 bytes for ./LaunchImage-700@2x.png
2020-03-06 00:53:17 +0000  copying file ./Roboto-BoldItalic.ttf ... 
2020-03-06 00:53:17 +0000  174520 bytes for ./Roboto-BoldItalic.ttf
2020-03-06 00:53:17 +0000  copying file ./LaunchImage-700-568h@2x.png ... 
2020-03-06 00:53:17 +0000  19157 bytes for ./LaunchImage-700-568h@2x.png
2020-03-06 00:53:17 +0000  copying file ./LaunchImage-Landscape@2x~ipad.png ... 
2020-03-06 00:53:17 +0000  49157 bytes for ./LaunchImage-Landscape@2x~ipad.png
copying file ./LaunchImage-1200-Portrait-1792h@2x.png ... 
2020-03-06 00:53:17 +0000  26809 bytes for ./LaunchImage-1200-Portrait-1792h@2x.png
2020-03-06 00:53:17 +0000  copying file ./Roboto-LightItalic.ttf ... 
2020-03-06 00:53:17 +0000  176184 bytes for ./Roboto-LightItalic.ttf
2020-03-06 00:53:17 +0000  copying file ./LaunchImage-700-Landscape@2x~ipad.png ... 
2020-03-06 00:53:17 +0000  49157 bytes for ./LaunchImage-700-Landscape@2x~ipad.png
2020-03-06 00:53:17 +0000  copying file ./Roboto-Italic.ttf ... 
2020-03-06 00:53:17 +0000  173516 bytes for ./Roboto-Italic.ttf
2020-03-06 00:53:17 +0000  copying file ./Roboto-BlackItalic.ttf ... 
2020-03-06 00:53:17 +0000  177120 bytes for ./Roboto-BlackItalic.ttf
2020-03-06 00:53:17 +0000  copying file ./SimpleLineIcons.ttf ... 
2020-03-06 00:53:17 +0000  54056 bytes for ./SimpleLineIcons.ttf
2020-03-06 00:53:17 +0000  copying file ./LaunchImage.png ... 
2020-03-06 00:53:17 +0000  8753 bytes for ./LaunchImage.png
2020-03-06 00:53:17 +0000  copying file ./embedded.mobileprovision ... 
2020-03-06 00:53:17 +0000  7334 bytes for ./embedded.mobileprovision
2020-03-06 00:53:17 +0000  copying file ./Roboto-Bold.ttf ... 
2020-03-06 00:53:17 +0000  170348 bytes for ./Roboto-Bold.ttf
2020-03-06 00:53:17 +0000  copying file ./assets/app.json ... 
2020-03-06 00:53:17 +0000  52 bytes for ./assets/app.json
2020-03-06 00:53:17 +0000  copying file ./assets/node_modules/css-tree/dist/default-syntax.json ... 
2020-03-06 00:53:17 +0000  57310 bytes for ./assets/node_modules/css-tree/dist/default-syntax.json
2020-03-06 00:53:17 +0000  copying file ./assets/node_modules/dom-serializer/foreignNames.json ... 
2020-03-06 00:53:17 +0000  3149 bytes for ./assets/node_modules/dom-serializer/foreignNames.json
2020-03-06 00:53:17 +0000  copying file ./assets/node_modules/react-navigation-stack/lib/module/views/assets/back-icon@3x.png ... 
2020-03-06 00:53:17 +0000  761 bytes for ./assets/node_modules/react-navigation-stack/lib/module/views/assets/back-icon@3x.png
2020-03-06 00:53:17 +0000  copying file ./assets/node_modules/react-navigation-stack/lib/module/views/assets/back-icon@2x.png ... 
2020-03-06 00:53:17 +0000  405 bytes for ./assets/node_modules/react-navigation-stack/lib/module/views/assets/back-icon@2x.png
2020-03-06 00:53:17 +0000  copying file ./assets/node_modules/react-navigation-stack/lib/module/views/assets/back-icon.png ... 
2020-03-06 00:53:17 +0000  290 bytes for ./assets/node_modules/react-navigation-stack/lib/module/views/assets/back-icon.png
2020-03-06 00:53:17 +0000  copying file ./assets/node_modules/react-navigation-stack/lib/module/views/assets/back-icon-mask.png ... 
2020-03-06 00:53:17 +0000  1619 bytes for ./assets/node_modules/react-navigation-stack/lib/module/views/assets/back-icon-mask.png
2020-03-06 00:53:17 +0000  copying file ./assets/node_modules/css-select/lib/procedure.json ... 
2020-03-06 00:53:17 +0000  145 bytes for ./assets/node_modules/css-select/lib/procedure.json
2020-03-06 00:53:17 +0000  copying file ./assets/node_modules/react-native-vector-icons/glyphmaps/Ionicons.json ... 
2020-03-06 00:53:17 +0000  17166 bytes for ./assets/node_modules/react-native-vector-icons/glyphmaps/Ionicons.json
2020-03-06 00:53:17 +0000  copying file ./assets/node_modules/react-native-vector-icons/glyphmaps/EvilIcons.json ... 
2020-03-06 00:53:17 +0000  1454 bytes for ./assets/node_modules/react-native-vector-icons/glyphmaps/EvilIcons.json
2020-03-06 00:53:17 +0000  copying file ./assets/node_modules/react-native-vector-icons/glyphmaps/FontAwesome5Free_meta.json ... 
2020-03-06 00:53:17 +0000  26240 bytes for ./assets/node_modules/react-native-vector-icons/glyphmaps/FontAwesome5Free_meta.json
2020-03-06 00:53:17 +0000  copying file ./assets/node_modules/react-native-vector-icons/glyphmaps/FontAwesome.json ... 
2020-03-06 00:53:17 +0000  17437 bytes for ./assets/node_modules/react-native-vector-icons/glyphmaps/FontAwesome.json
2020-03-06 00:53:17 +0000  copying file ./assets/node_modules/react-native-vector-icons/glyphmaps/Entypo.json ... 
2020-03-06 00:53:17 +0000  9486 bytes for ./assets/node_modules/react-native-vector-icons/glyphmaps/Entypo.json
2020-03-06 00:53:17 +0000  copying file ./assets/node_modules/react-native-vector-icons/glyphmaps/SimpleLineIcons.json ... 
2020-03-06 00:53:17 +0000  4102 bytes for ./assets/node_modules/react-native-vector-icons/glyphmaps/SimpleLineIcons.json
2020-03-06 00:53:17 +0000  copying file ./assets/node_modules/react-native-vector-icons/glyphmaps/AntDesign.json ... 
2020-03-06 00:53:17 +0000  6303 bytes for ./assets/node_modules/react-native-vector-icons/glyphmaps/AntDesign.json
2020-03-06 00:53:17 +0000  copying file ./assets/node_modules/react-native-vector-icons/glyphmaps/FontAwesome5Free.json ... 
2020-03-06 00:53:17 +0000  30175 bytes for ./assets/node_modules/react-native-vector-icons/glyphmaps/FontAwesome5Free.json
2020-03-06 00:53:17 +0000  copying file ./assets/node_modules/react-native-vector-icons/glyphmaps/Feather.json ... 
2020-03-06 00:53:17 +0000  5933 bytes for ./assets/node_modules/react-native-vector-icons/glyphmaps/Feather.json
2020-03-06 00:53:17 +0000  copying file ./assets/node_modules/react-native-vector-icons/glyphmaps/MaterialCommunityIcons.json ... 
2020-03-06 00:53:17 +0000  97065 bytes for ./assets/node_modules/react-native-vector-icons/glyphmaps/MaterialCommunityIcons.json
2020-03-06 00:53:17 +0000  copying file ./assets/node_modules/entities/lib/maps/xml.json ... 
2020-03-06 00:53:17 +0000  64 bytes for ./assets/node_modules/entities/lib/maps/xml.json
2020-03-06 00:53:17 +0000  copying file ./assets/node_modules/entities/lib/maps/decode.json ... 
2020-03-06 00:53:17 +0000  356 bytes for ./assets/node_modules/entities/lib/maps/decode.json
2020-03-06 00:53:17 +0000  copying file ./assets/node_modules/entities/lib/maps/entities.json ... 
2020-03-06 00:53:17 +0000  44868 bytes for ./assets/node_modules/entities/lib/maps/entities.json
2020-03-06 00:53:17 +0000  copying file ./assets/node_modules/entities/lib/maps/legacy.json ... 
2020-03-06 00:53:17 +0000  1961 bytes for ./assets/node_modules/entities/lib/maps/legacy.json
2020-03-06 00:53:17 +0000  copying file ./assets/src/assets/img/imgs/jonny-tobin.jpg ... 
2020-03-06 00:53:17 +0000  351777 bytes for ./assets/src/assets/img/imgs/jonny-tobin.jpg
2020-03-06 00:53:17 +0000  copying file ./assets/src/assets/img/imgs/brett-ziegler.jpg ... 
2020-03-06 00:53:17 +0000  119760 bytes for ./assets/src/assets/img/imgs/brett-ziegler.jpg
copying file ./assets/src/assets/img/imgs/onboarding-sync.png ... 
2020-03-06 00:53:17 +0000  580285 bytes for ./assets/src/assets/img/imgs/onboarding-sync.png
2020-03-06 00:53:17 +0000  copying file ./assets/src/assets/img/imgs/support.png ... 
2020-03-06 00:53:17 +0000  501259 bytes for ./assets/src/assets/img/imgs/support.png
2020-03-06 00:53:17 +0000  copying file ./assets/src/assets/img/imgs/practice.png ... 
2020-03-06 00:53:17 +0000  430099 bytes for ./assets/src/assets/img/imgs/practice.png
copying file ./assets/src/assets/img/imgs/kenny-werner.jpg ... 
2020-03-06 00:53:17 +0000  322069 bytes for ./assets/src/assets/img/imgs/kenny-werner.jpg
copying file ./assets/src/assets/img/imgs/quickTips.jpg ... 
2020-03-06 00:53:17 +0000  73930 bytes for ./assets/src/assets/img/imgs/quickTips.jpg
2020-03-06 00:53:17 +0000  copying file ./assets/src/assets/img/imgs/favorite-songs.png ... 
2020-03-06 00:53:17 +0000  403596 bytes for ./assets/src/assets/img/imgs/favorite-songs.png
2020-03-06 00:53:17 +0000  copying file ./assets/src/assets/img/imgs/devices.png ... 
2020-03-06 00:53:17 +0000  694518 bytes for ./assets/src/assets/img/imgs/devices.png
2020-03-06 00:53:17 +0000  copying file ./assets/src/assets/img/imgs/foundations-logo.png ... 
2020-03-06 00:53:17 +0000  25850 bytes for ./assets/src/assets/img/imgs/foundations-logo.png
2020-03-06 00:53:17 +0000  copying file ./assets/src/assets/img/imgs/nate-bosch.jpg ... 
2020-03-06 00:53:17 +0000  236070 bytes for ./assets/src/assets/img/imgs/nate-bosch.jpg
2020-03-06 00:53:17 +0000  copying file ./assets/src/assets/img/imgs/jay-oliver.jpg ... 
2020-03-06 00:53:17 +0000  353041 bytes for ./assets/src/assets/img/imgs/jay-oliver.jpg
2020-03-06 00:53:17 +0000  copying file ./assets/src/assets/img/imgs/studentReview.jpg ... 
2020-03-06 00:53:17 +0000  74965 bytes for ./assets/src/assets/img/imgs/studentReview.jpg
2020-03-06 00:53:17 +0000  copying file ./assets/src/assets/img/imgs/500Songs.png ... 
2020-03-06 00:53:17 +0000  795984 bytes for ./assets/src/assets/img/imgs/500Songs.png
2020-03-06 00:53:17 +0000  copying file ./assets/src/assets/img/imgs/fasterFingers.png ... 
2020-03-06 00:53:17 +0000  785304 bytes for ./assets/src/assets/img/imgs/fasterFingers.png
2020-03-06 00:53:17 +0000  copying file ./assets/src/assets/img/imgs/onboarding-welcome-back.png ... 
2020-03-06 00:53:17 +0000  144430 bytes for ./assets/src/assets/img/imgs/onboarding-welcome-back.png
2020-03-06 00:53:17 +0000  copying file ./assets/src/assets/img/imgs/onboarding-download.png ... 
2020-03-06 00:53:17 +0000  148234 bytes for ./assets/src/assets/img/imgs/onboarding-download.png
2020-03-06 00:53:17 +0000  copying file ./assets/src/assets/img/imgs/sightReading.png ... 
2020-03-06 00:53:17 +0000  591841 bytes for ./assets/src/assets/img/imgs/sightReading.png
2020-03-06 00:53:17 +0000  copying file ./assets/src/assets/img/imgs/cassi-falk.jpg ... 
2020-03-06 00:53:17 +0000  288388 bytes for ./assets/src/assets/img/imgs/cassi-falk.jpg
2020-03-06 00:53:17 +0000  copying file ./assets/src/assets/img/imgs/prescreenSongs.png ... 
2020-03-06 00:53:17 +0000  13195230 bytes for ./assets/src/assets/img/imgs/prescreenSongs.png
2020-03-06 00:53:17 +0000  copying file ./assets/src/assets/img/imgs/JazzPiano.jpg ... 
2020-03-06 00:53:17 +0000  125462 bytes for ./assets/src/assets/img/imgs/JazzPiano.jpg
2020-03-06 00:53:17 +0000  copying file ./assets/src/assets/img/imgs/lisa-foundations.png ... 
2020-03-06 00:53:17 +0000  879743 bytes for ./assets/src/assets/img/imgs/lisa-foundations.png
copying file ./assets/src/assets/img/imgs/bootcamps.jpg ... 
2020-03-06 00:53:17 +0000  40045 bytes for ./assets/src/assets/img/imgs/bootcamps.jpg
2020-03-06 00:53:17 +0000  copying file ./assets/src/assets/img/imgs/lisa-witt.jpg ... 
2020-03-06 00:53:17 +0000  765215 bytes for ./assets/src/assets/img/imgs/lisa-witt.jpg
2020-03-06 00:53:17 +0000  copying file ./assets/src/assets/img/imgs/image-1.jpg ... 
2020-03-06 00:53:17 +0000  151978 bytes for ./assets/src/assets/img/imgs/image-1.jpg
2020-03-06 00:53:17 +0000  copying file ./assets/src/assets/img/imgs/questionAnswer.jpg ... 
2020-03-06 00:53:17 +0000  35113 bytes for ./assets/src/assets/img/imgs/questionAnswer.jpg
copying file ./assets/src/assets/img/imgs/jordan-leibel.jpg ... 
2020-03-06 00:53:17 +0000  304801 bytes for ./assets/src/assets/img/imgs/jordan-leibel.jpg
2020-03-06 00:53:17 +0000  copying file ./assets/src/assets/img/imgs/onboarding-lisa.png ... 
2020-03-06 00:53:17 +0000  1575993 bytes for ./assets/src/assets/img/imgs/onboarding-lisa.png
copying file ./assets/src/assets/img/imgs/backgroundHands.png ... 
2020-03-06 00:53:17 +0000  806691 bytes for ./assets/src/assets/img/imgs/backgroundHands.png
2020-03-06 00:53:17 +0000  copying file ./assets/src/assets/img/imgs/prescreenSupport.png ... 
2020-03-06 00:53:17 +0000  14813128 bytes for ./assets/src/assets/img/imgs/prescreenSupport.png
2020-03-06 00:53:17 +0000  copying file ./assets/src/assets/img/imgs/prescreenPractice.png ... 
2020-03-06 00:53:17 +0000  7868093 bytes for ./assets/src/assets/img/imgs/prescreenPractice.png
2020-03-06 00:53:17 +0000  copying file ./Roboto-Thin.ttf ... 
2020-03-06 00:53:17 +0000  171500 bytes for ./Roboto-Thin.ttf
2020-03-06 00:53:17 +0000  copying file ./LaunchImage-800-Landscape-736h@3x.png ... 
2020-03-06 00:53:17 +0000  41150 bytes for ./LaunchImage-800-Landscape-736h@3x.png
2020-03-06 00:53:17 +0000  copying file ./LaunchImage-700-Portrait@2x~ipad.png ... 
2020-03-06 00:53:17 +0000  49146 bytes for ./LaunchImage-700-Portrait@2x~ipad.png
2020-03-06 00:53:17 +0000  copying file ./LaunchImage-700-Landscape~ipad.png ... 
2020-03-06 00:53:17 +0000  21911 bytes for ./LaunchImage-700-Landscape~ipad.png
2020-03-06 00:53:17 +0000  copying file ./Roboto-Black.ttf ... 
2020-03-06 00:53:17 +0000  171072 bytes for ./Roboto-Black.ttf
2020-03-06 00:53:17 +0000  copying file ./Info.plist ... 
2020-03-06 00:53:17 +0000  3231 bytes for ./Info.plist
2020-03-06 00:53:17 +0000  copying file ./LaunchImage-1200-Landscape-2688h@3x.png ... 
2020-03-06 00:53:17 +0000  43366 bytes for ./LaunchImage-1200-Landscape-2688h@3x.png
copying file ./PkgInfo ... 
2020-03-06 00:53:17 +0000  8 bytes for ./PkgInfo
2020-03-06 00:53:17 +0000  copying file ./MaterialIcons.ttf ... 
2020-03-06 00:53:17 +0000  128180 bytes for ./MaterialIcons.ttf
2020-03-06 00:53:17 +0000  /usr/bin/ditto exited with 0
2020-03-06 00:53:17 +0000  Processing step: IDEDistributionEmbedProfileStep
2020-03-06 00:53:17 +0000  Processing step: IDEDistributionItemRemovalStep
2020-03-06 00:53:17 +0000  Processing step: IDEDistributionAppThinningPlistStep
2020-03-06 00:53:17 +0000  Skipping step: IDEDistributionAppThinningPlistStep because it said so
2020-03-06 00:53:17 +0000  Processing step: IDEDistributionCompileBitcodeStep
2020-03-06 00:53:17 +0000  Skipping step: IDEDistributionCompileBitcodeStep because it said so
2020-03-06 00:53:17 +0000  Processing step: IDEDistributionCodeSlimmingStep
2020-03-06 00:53:17 +0000  Processing step: IDEDistributionCopyBCSymbolMapsStep
2020-03-06 00:53:18 +0000  Running /usr/bin/ditto '-V' '/Users/Pianote/Library/Developer/Xcode/Archives/2020-03-05/Pianote2 2020-03-05, 7.52 PM.xcarchive/BCSymbolMaps/47D1C8C5-D5D0-3F17-8AF4-72160CD62574.bcsymbolmap' '/var/folders/rv/1qthzdcd2r95yk6h5kh69vfh0000gp/T/XcodeDistPipeline.~~~NMfGM6/Root/BCSymbolMaps/47D1C8C5-D5D0-3F17-8AF4-72160CD62574.bcsymbolmap'
2020-03-06 00:53:18 +0000  >>> Copying /Users/Pianote/Library/Developer/Xcode/Archives/2020-03-05/Pianote2 2020-03-05, 7.52 PM.xcarchive/BCSymbolMaps/47D1C8C5-D5D0-3F17-8AF4-72160CD62574.bcsymbolmap 
2020-03-06 00:53:18 +0000  copying file ./47D1C8C5-D5D0-3F17-8AF4-72160CD62574.bcsymbolmap ... 
2020-03-06 00:53:18 +0000  1531841 bytes for ./47D1C8C5-D5D0-3F17-8AF4-72160CD62574.bcsymbolmap
2020-03-06 00:53:18 +0000  /usr/bin/ditto exited with 0
2020-03-06 00:53:18 +0000  Running /usr/bin/ditto '-V' '/Users/Pianote/Library/Developer/Xcode/Archives/2020-03-05/Pianote2 2020-03-05, 7.52 PM.xcarchive/BCSymbolMaps/3E776FCC-A9BA-371F-BFE8-DAB9667C68C7.bcsymbolmap' '/var/folders/rv/1qthzdcd2r95yk6h5kh69vfh0000gp/T/XcodeDistPipeline.~~~NMfGM6/Root/BCSymbolMaps/3E776FCC-A9BA-371F-BFE8-DAB9667C68C7.bcsymbolmap'
2020-03-06 00:53:18 +0000  >>> Copying /Users/Pianote/Library/Developer/Xcode/Archives/2020-03-05/Pianote2 2020-03-05, 7.52 PM.xcarchive/BCSymbolMaps/3E776FCC-A9BA-371F-BFE8-DAB9667C68C7.bcsymbolmap 
2020-03-06 00:53:18 +0000  copying file ./3E776FCC-A9BA-371F-BFE8-DAB9667C68C7.bcsymbolmap ... 
2020-03-06 00:53:18 +0000  1561440 bytes for ./3E776FCC-A9BA-371F-BFE8-DAB9667C68C7.bcsymbolmap
2020-03-06 00:53:18 +0000  /usr/bin/ditto exited with 0
2020-03-06 00:53:18 +0000  Processing step: IDEDistributionSymbolsStep
2020-03-06 00:53:18 +0000  Excluding symbols for Pianote.app
2020-03-06 00:53:18 +0000  Processing step: IDEDistributionCopyAppleProvidedContentStep
2020-03-06 00:53:18 +0000  Processing step: IDEDistributionAppThinningStep
2020-03-06 00:53:18 +0000  Skipping step: IDEDistributionAppThinningStep because it said so
2020-03-06 00:53:18 +0000  Processing step: IDEDistributionArchThinningStep
2020-03-06 00:53:18 +0000  Running /Applications/Xcode.app/Contents/Developer/Toolchains/XcodeDefault.xctoolchain/usr/bin/lipo '/var/folders/rv/1qthzdcd2r95yk6h5kh69vfh0000gp/T/XcodeDistPipeline.~~~NMfGM6/Root/Payload/Pianote.app/Pianote' '-verify_arch' 'arm64e'
2020-03-06 00:53:18 +0000  /Applications/Xcode.app/Contents/Developer/Toolchains/XcodeDefault.xctoolchain/usr/bin/lipo exited with 1
2020-03-06 00:53:18 +0000  Skipping architecture thinning for item "Pianote" because arch "arm64e" wasn't found
2020-03-06 00:53:18 +0000  Processing step: IDEDistributionODRStep
2020-03-06 00:53:18 +0000  Processing step: IDEDistributionStripXattrsStep
2020-03-06 00:53:18 +0000  Running /usr/bin/xattr '-crs' '/var/folders/rv/1qthzdcd2r95yk6h5kh69vfh0000gp/T/XcodeDistPipeline.~~~NMfGM6/Root/Payload/Pianote.app'
2020-03-06 00:53:18 +0000  /usr/bin/xattr exited with 0
2020-03-06 00:53:18 +0000  Processing step: IDEDistributionCodesignStep
2020-03-06 00:53:18 +0000  Entitlements for <IDEDistributionItem: 0x7ff3e0341800 'com.drumeo.PianoteApp' '<DVTFilePath:0x7ff3deebfbd0:'/Users/Pianote/Library/Developer/Xcode/Archives/2020-03-05/Pianote2 2020-03-05, 7.52 PM.xcarchive/Products/Applications/Pianote.app'>'>: {
    "application-identifier" = "4BNNP9NY6A.com.drumeo.PianoteApp";
    "beta-reports-active" = 1;
    "com.apple.developer.team-identifier" = 4BNNP9NY6A;
    "get-task-allow" = 0;
    "keychain-access-groups" =     (
        "4BNNP9NY6A.com.drumeo.PianoteApp"
    );
}
2020-03-06 00:53:18 +0000  Writing entitlements for <IDEDistributionItem: 0x7ff3e0341800 'com.drumeo.PianoteApp' '<DVTFilePath:0x7ff3deebfbd0:'/Users/Pianote/Library/Developer/Xcode/Archives/2020-03-05/Pianote2 2020-03-05, 7.52 PM.xcarchive/Products/Applications/Pianote.app'>'> to: /var/folders/rv/1qthzdcd2r95yk6h5kh69vfh0000gp/T/XcodeDistPipeline.~~~NMfGM6/entitlements~~~3B0I7Y
2020-03-06 00:53:18 +0000  Running /usr/bin/codesign '-vvv' '--force' '--sign' '9411B691EB0EFD563AA5AC8D301A978225BA8754' '--entitlements' '/var/folders/rv/1qthzdcd2r95yk6h5kh69vfh0000gp/T/XcodeDistPipeline.~~~NMfGM6/entitlements~~~3B0I7Y' '--preserve-metadata=identifier,flags,runtime' '/var/folders/rv/1qthzdcd2r95yk6h5kh69vfh0000gp/T/XcodeDistPipeline.~~~NMfGM6/Root/Payload/Pianote.app'
2020-03-06 00:53:27 +0000  /var/folders/rv/1qthzdcd2r95yk6h5kh69vfh0000gp/T/XcodeDistPipeline.~~~NMfGM6/Root/Payload/Pianote.app: signed app bundle with Mach-O universal (armv7 arm64) [com.drumeo.PianoteApp]
2020-03-06 00:53:27 +0000  /usr/bin/codesign exited with 0
2020-03-06 00:53:27 +0000  Processing step: IDEDistributionZipODRItemStep
2020-03-06 00:53:27 +0000  Skipping step: IDEDistributionZipODRItemStep because it said so
2020-03-06 00:53:27 +0000  Processing step: IDEDistributionCreateIPAStep
2020-03-06 00:53:27 +0000  Running /usr/bin/ditto '-V' '-c' '-k' '--norsrc' '/var/folders/rv/1qthzdcd2r95yk6h5kh69vfh0000gp/T/XcodeDistPipeline.~~~NMfGM6/Root' '/var/folders/rv/1qthzdcd2r95yk6h5kh69vfh0000gp/T/XcodeDistPipeline.~~~NMfGM6/Packages/Pianote2.ipa'
2020-03-06 00:53:27 +0000  >>> Copying /var/folders/rv/1qthzdcd2r95yk6h5kh69vfh0000gp/T/XcodeDistPipeline.~~~NMfGM6/Root 
2020-03-06 00:53:27 +0000  copying file ./BCSymbolMaps/3E776FCC-A9BA-371F-BFE8-DAB9667C68C7.bcsymbolmap ... 
2020-03-06 00:53:27 +0000  1561440 bytes for ./BCSymbolMaps/3E776FCC-A9BA-371F-BFE8-DAB9667C68C7.bcsymbolmap
copying file ./BCSymbolMaps/47D1C8C5-D5D0-3F17-8AF4-72160CD62574.bcsymbolmap ... 
2020-03-06 00:53:27 +0000  1531841 bytes for ./BCSymbolMaps/47D1C8C5-D5D0-3F17-8AF4-72160CD62574.bcsymbolmap
2020-03-06 00:53:27 +0000  copying file ./Payload/Pianote.app/_CodeSignature/CodeResources ... 
2020-03-06 00:53:27 +0000  41773 bytes for ./Payload/Pianote.app/_CodeSignature/CodeResources
2020-03-06 00:53:27 +0000  copying file ./Payload/Pianote.app/Fontisto.ttf ... 
2020-03-06 00:53:27 +0000  313528 bytes for ./Payload/Pianote.app/Fontisto.ttf
2020-03-06 00:53:27 +0000  copying file ./Payload/Pianote.app/Octicons.ttf ... 
2020-03-06 00:53:27 +0000  28364 bytes for ./Payload/Pianote.app/Octicons.ttf
2020-03-06 00:53:27 +0000  copying file ./Payload/Pianote.app/Roboto-Medium.ttf ... 
2020-03-06 00:53:27 +0000  171656 bytes for ./Payload/Pianote.app/Roboto-Medium.ttf
copying file ./Payload/Pianote.app/Feather.ttf ... 
2020-03-06 00:53:27 +0000  58272 bytes for ./Payload/Pianote.app/Feather.ttf
copying file ./Payload/Pianote.app/LaunchImage-1100-Portrait-2436h@3x.png ... 
2020-03-06 00:53:27 +0000  45342 bytes for ./Payload/Pianote.app/LaunchImage-1100-Portrait-2436h@3x.png
copying file ./Payload/Pianote.app/Roboto-Light.ttf ... 
2020-03-06 00:53:27 +0000  170012 bytes for ./Payload/Pianote.app/Roboto-Light.ttf
2020-03-06 00:53:27 +0000  copying file ./Payload/Pianote.app/LaunchImage@2x.png ... 
2020-03-06 00:53:27 +0000  18473 bytes for ./Payload/Pianote.app/LaunchImage@2x.png
copying file ./Payload/Pianote.app/AppIcon20x20@2x.png ... 
2020-03-06 00:53:27 +0000  1095 bytes for ./Payload/Pianote.app/AppIcon20x20@2x.png
copying file ./Payload/Pianote.app/LaunchImage-1200-Landscape-1792h@2x.png ... 
2020-03-06 00:53:27 +0000  26013 bytes for ./Payload/Pianote.app/LaunchImage-1200-Landscape-1792h@2x.png
2020-03-06 00:53:27 +0000  copying file ./Payload/Pianote.app/Entypo.ttf ... 
2020-03-06 00:53:27 +0000  65584 bytes for ./Payload/Pianote.app/Entypo.ttf
copying file ./Payload/Pianote.app/RobotoCondensed-Bold.ttf ... 
2020-03-06 00:53:27 +0000  169352 bytes for ./Payload/Pianote.app/RobotoCondensed-Bold.ttf
2020-03-06 00:53:27 +0000  copying file ./Payload/Pianote.app/AppIcon20x20@3x.png ... 
1943 bytes for ./Payload/Pianote.app/AppIcon20x20@3x.png
2020-03-06 00:53:27 +0000  copying file ./Payload/Pianote.app/RobotoCondensed-Light.ttf ... 
2020-03-06 00:53:27 +0000  167568 bytes for ./Payload/Pianote.app/RobotoCondensed-Light.ttf
2020-03-06 00:53:27 +0000  copying file ./Payload/Pianote.app/FontAwesome5_Brands.ttf ... 
2020-03-06 00:53:27 +0000  125016 bytes for ./Payload/Pianote.app/FontAwesome5_Brands.ttf
2020-03-06 00:53:27 +0000  copying file ./Payload/Pianote.app/MaterialCommunityIcons.ttf ... 
2020-03-06 00:53:27 +0000  546548 bytes for ./Payload/Pianote.app/MaterialCommunityIcons.ttf
copying file ./Payload/Pianote.app/Roboto-Regular.ttf ... 
2020-03-06 00:53:27 +0000  171272 bytes for ./Payload/Pianote.app/Roboto-Regular.ttf
2020-03-06 00:53:27 +0000  copying file ./Payload/Pianote.app/LaunchImage-568h@2x.png ... 
2020-03-06 00:53:27 +0000  19157 bytes for ./Payload/Pianote.app/LaunchImage-568h@2x.png
2020-03-06 00:53:27 +0000  copying file ./Payload/Pianote.app/Roboto-MediumItalic.ttf ... 
2020-03-06 00:53:27 +0000  176428 bytes for ./Payload/Pianote.app/Roboto-MediumItalic.ttf
2020-03-06 00:53:27 +0000  copying file ./Payload/Pianote.app/AppIcon60x60@2x.png ... 
2020-03-06 00:53:27 +0000  4416 bytes for ./Payload/Pianote.app/AppIcon60x60@2x.png
2020-03-06 00:53:27 +0000  copying file ./Payload/Pianote.app/AppIcon29x29@2x.png ... 
2020-03-06 00:53:27 +0000  1823 bytes for ./Payload/Pianote.app/AppIcon29x29@2x.png
2020-03-06 00:53:27 +0000  copying file ./Payload/Pianote.app/LaunchImage-1100-Landscape-2436h@3x.png ... 
2020-03-06 00:53:27 +0000  43115 bytes for ./Payload/Pianote.app/LaunchImage-1100-Landscape-2436h@3x.png
2020-03-06 00:53:27 +0000  copying file ./Payload/Pianote.app/AntDesign.ttf ... 
2020-03-06 00:53:27 +0000  70344 bytes for ./Payload/Pianote.app/AntDesign.ttf
copying file ./Payload/Pianote.app/RobotoCondensed-Italic.ttf ... 
2020-03-06 00:53:27 +0000  174736 bytes for ./Payload/Pianote.app/RobotoCondensed-Italic.ttf
copying file ./Payload/Pianote.app/LaunchImage-800-667h@2x.png ... 
2020-03-06 00:53:27 +0000  22802 bytes for ./Payload/Pianote.app/LaunchImage-800-667h@2x.png
copying file ./Payload/Pianote.app/LaunchImage-Portrait@2x~ipad.png ... 
2020-03-06 00:53:27 +0000  49146 bytes for ./Payload/Pianote.app/LaunchImage-Portrait@2x~ipad.png
copying file ./Payload/Pianote.app/AppIcon40x40@3x.png ... 
2020-03-06 00:53:27 +0000  4416 bytes for ./Payload/Pianote.app/AppIcon40x40@3x.png
copying file ./Payload/Pianote.app/RobotoCondensed-BoldItalic.ttf ... 
2020-03-06 00:53:27 +0000  175420 bytes for ./Payload/Pianote.app/RobotoCondensed-BoldItalic.ttf
2020-03-06 00:53:27 +0000  copying file ./Payload/Pianote.app/Foundation.ttf ... 
2020-03-06 00:53:27 +0000  56976 bytes for ./Payload/Pianote.app/Foundation.ttf
2020-03-06 00:53:27 +0000  copying file ./Payload/Pianote.app/Ionicons.ttf ... 
2020-03-06 00:53:27 +0000  112472 bytes for ./Payload/Pianote.app/Ionicons.ttf
2020-03-06 00:53:27 +0000  copying file ./Payload/Pianote.app/FontAwesome5_Solid.ttf ... 
2020-03-06 00:53:27 +0000  186228 bytes for ./Payload/Pianote.app/FontAwesome5_Solid.ttf
2020-03-06 00:53:27 +0000  copying file ./Payload/Pianote.app/AppIcon40x40@2x.png ... 
2756 bytes for ./Payload/Pianote.app/AppIcon40x40@2x.png
copying file ./Payload/Pianote.app/LaunchImage-Portrait~ipad.png ... 
2020-03-06 00:53:27 +0000  22003 bytes for ./Payload/Pianote.app/LaunchImage-Portrait~ipad.png
2020-03-06 00:53:27 +0000  copying file ./Payload/Pianote.app/FontAwesome5_Regular.ttf ... 
2020-03-06 00:53:27 +0000  34092 bytes for ./Payload/Pianote.app/FontAwesome5_Regular.ttf
2020-03-06 00:53:27 +0000  copying file ./Payload/Pianote.app/LaunchImage-1200-Portrait-2688h@3x.png ... 
2020-03-06 00:53:27 +0000  44461 bytes for ./Payload/Pianote.app/LaunchImage-1200-Portrait-2688h@3x.png
2020-03-06 00:53:27 +0000  copying file ./Payload/Pianote.app/AppIcon29x29@3x.png ... 
2020-03-06 00:53:27 +0000  3022 bytes for ./Payload/Pianote.app/AppIcon29x29@3x.png
copying file ./Payload/Pianote.app/AppIcon60x60@3x.png ... 
2020-03-06 00:53:27 +0000  6961 bytes for ./Payload/Pianote.app/AppIcon60x60@3x.png
2020-03-06 00:53:27 +0000  copying file ./Payload/Pianote.app/Base.lproj/LaunchScreen.nib ... 
2020-03-06 00:53:27 +0000  3100 bytes for ./Payload/Pianote.app/Base.lproj/LaunchScreen.nib
2020-03-06 00:53:27 +0000  copying file ./Payload/Pianote.app/FontAwesome.ttf ... 
2020-03-06 00:53:27 +0000  165548 bytes for ./Payload/Pianote.app/FontAwesome.ttf
copying file ./Payload/Pianote.app/Zocial.ttf ... 
2020-03-06 00:53:27 +0000  25552 bytes for ./Payload/Pianote.app/Zocial.ttf
2020-03-06 00:53:27 +0000  copying file ./Payload/Pianote.app/LaunchImage-Landscape~ipad.png ... 
2020-03-06 00:53:27 +0000  21911 bytes for ./Payload/Pianote.app/LaunchImage-Landscape~ipad.png
copying file ./Payload/Pianote.app/RobotoCondensed-LightItalic.ttf ... 
2020-03-06 00:53:27 +0000  174908 bytes for ./Payload/Pianote.app/RobotoCondensed-LightItalic.ttf
2020-03-06 00:53:27 +0000  copying file ./Payload/Pianote.app/LaunchImage-700-Portrait~ipad.png ... 
2020-03-06 00:53:27 +0000  22003 bytes for ./Payload/Pianote.app/LaunchImage-700-Portrait~ipad.png
2020-03-06 00:53:27 +0000  copying file ./Payload/Pianote.app/Pianote ... 
2020-03-06 00:53:30 +0000  50273152 bytes for ./Payload/Pianote.app/Pianote
2020-03-06 00:53:30 +0000  copying file ./Payload/Pianote.app/Assets.car ... 
2020-03-06 00:53:30 +0000  84504 bytes for ./Payload/Pianote.app/Assets.car
copying file ./Payload/Pianote.app/EvilIcons.ttf ... 
2020-03-06 00:53:30 +0000  13456 bytes for ./Payload/Pianote.app/EvilIcons.ttf
2020-03-06 00:53:30 +0000  copying file ./Payload/Pianote.app/LaunchImage-800-Portrait-736h@3x.png ... 
2020-03-06 00:53:30 +0000  41656 bytes for ./Payload/Pianote.app/LaunchImage-800-Portrait-736h@3x.png
2020-03-06 00:53:30 +0000  copying file ./Payload/Pianote.app/main.jsbundle ... 
2020-03-06 00:53:30 +0000  2266725 bytes for ./Payload/Pianote.app/main.jsbundle
copying file ./Payload/Pianote.app/Roboto-ThinItalic.ttf ... 
2020-03-06 00:53:30 +0000  175872 bytes for ./Payload/Pianote.app/Roboto-ThinItalic.ttf
2020-03-06 00:53:30 +0000  copying file ./Payload/Pianote.app/RobotoCondensed-Regular.ttf ... 
2020-03-06 00:53:30 +0000  169848 bytes for ./Payload/Pianote.app/RobotoCondensed-Regular.ttf
2020-03-06 00:53:30 +0000  copying file ./Payload/Pianote.app/LaunchImage-700@2x.png ... 
2020-03-06 00:53:30 +0000  18473 bytes for ./Payload/Pianote.app/LaunchImage-700@2x.png
copying file ./Payload/Pianote.app/Roboto-BoldItalic.ttf ... 
2020-03-06 00:53:30 +0000  174520 bytes for ./Payload/Pianote.app/Roboto-BoldItalic.ttf
2020-03-06 00:53:30 +0000  copying file ./Payload/Pianote.app/LaunchImage-700-568h@2x.png ... 
2020-03-06 00:53:30 +0000  19157 bytes for ./Payload/Pianote.app/LaunchImage-700-568h@2x.png
2020-03-06 00:53:30 +0000  copying file ./Payload/Pianote.app/LaunchImage-Landscape@2x~ipad.png ... 
2020-03-06 00:53:30 +0000  49157 bytes for ./Payload/Pianote.app/LaunchImage-Landscape@2x~ipad.png
copying file ./Payload/Pianote.app/LaunchImage-1200-Portrait-1792h@2x.png ... 
2020-03-06 00:53:30 +0000  26809 bytes for ./Payload/Pianote.app/LaunchImage-1200-Portrait-1792h@2x.png
copying file ./Payload/Pianote.app/Roboto-LightItalic.ttf ... 
2020-03-06 00:53:30 +0000  176184 bytes for ./Payload/Pianote.app/Roboto-LightItalic.ttf
copying file ./Payload/Pianote.app/LaunchImage-700-Landscape@2x~ipad.png ... 
2020-03-06 00:53:30 +0000  49157 bytes for ./Payload/Pianote.app/LaunchImage-700-Landscape@2x~ipad.png
copying file ./Payload/Pianote.app/Roboto-Italic.ttf ... 
2020-03-06 00:53:30 +0000  173516 bytes for ./Payload/Pianote.app/Roboto-Italic.ttf
copying file ./Payload/Pianote.app/Roboto-BlackItalic.ttf ... 
2020-03-06 00:53:30 +0000  177120 bytes for ./Payload/Pianote.app/Roboto-BlackItalic.ttf
2020-03-06 00:53:30 +0000  copying file ./Payload/Pianote.app/SimpleLineIcons.ttf ... 
2020-03-06 00:53:30 +0000  54056 bytes for ./Payload/Pianote.app/SimpleLineIcons.ttf
2020-03-06 00:53:30 +0000  copying file ./Payload/Pianote.app/LaunchImage.png ... 
2020-03-06 00:53:30 +0000  8753 bytes for ./Payload/Pianote.app/LaunchImage.png
copying file ./Payload/Pianote.app/embedded.mobileprovision ... 
2020-03-06 00:53:30 +0000  13122 bytes for ./Payload/Pianote.app/embedded.mobileprovision
2020-03-06 00:53:30 +0000  copying file ./Payload/Pianote.app/Roboto-Bold.ttf ... 
2020-03-06 00:53:30 +0000  170348 bytes for ./Payload/Pianote.app/Roboto-Bold.ttf
2020-03-06 00:53:30 +0000  copying file ./Payload/Pianote.app/assets/app.json ... 
52 bytes for ./Payload/Pianote.app/assets/app.json
2020-03-06 00:53:30 +0000  copying file ./Payload/Pianote.app/assets/node_modules/css-tree/dist/default-syntax.json ... 
2020-03-06 00:53:30 +0000  57310 bytes for ./Payload/Pianote.app/assets/node_modules/css-tree/dist/default-syntax.json
2020-03-06 00:53:30 +0000  copying file ./Payload/Pianote.app/assets/node_modules/dom-serializer/foreignNames.json ... 
2020-03-06 00:53:30 +0000  3149 bytes for ./Payload/Pianote.app/assets/node_modules/dom-serializer/foreignNames.json
2020-03-06 00:53:30 +0000  copying file ./Payload/Pianote.app/assets/node_modules/react-navigation-stack/lib/module/views/assets/back-icon@3x.png ... 
2020-03-06 00:53:30 +0000  761 bytes for ./Payload/Pianote.app/assets/node_modules/react-navigation-stack/lib/module/views/assets/back-icon@3x.png
2020-03-06 00:53:30 +0000  copying file ./Payload/Pianote.app/assets/node_modules/react-navigation-stack/lib/module/views/assets/back-icon@2x.png ... 
2020-03-06 00:53:30 +0000  405 bytes for ./Payload/Pianote.app/assets/node_modules/react-navigation-stack/lib/module/views/assets/back-icon@2x.png
copying file ./Payload/Pianote.app/assets/node_modules/react-navigation-stack/lib/module/views/assets/back-icon.png ... 
2020-03-06 00:53:30 +0000  290 bytes for ./Payload/Pianote.app/assets/node_modules/react-navigation-stack/lib/module/views/assets/back-icon.png
copying file ./Payload/Pianote.app/assets/node_modules/react-navigation-stack/lib/module/views/assets/back-icon-mask.png ... 
2020-03-06 00:53:30 +0000  1619 bytes for ./Payload/Pianote.app/assets/node_modules/react-navigation-stack/lib/module/views/assets/back-icon-mask.png
2020-03-06 00:53:30 +0000  copying file ./Payload/Pianote.app/assets/node_modules/css-select/lib/procedure.json ... 
2020-03-06 00:53:30 +0000  145 bytes for ./Payload/Pianote.app/assets/node_modules/css-select/lib/procedure.json
2020-03-06 00:53:30 +0000  copying file ./Payload/Pianote.app/assets/node_modules/react-native-vector-icons/glyphmaps/Ionicons.json ... 
2020-03-06 00:53:30 +0000  17166 bytes for ./Payload/Pianote.app/assets/node_modules/react-native-vector-icons/glyphmaps/Ionicons.json
copying file ./Payload/Pianote.app/assets/node_modules/react-native-vector-icons/glyphmaps/EvilIcons.json ... 
2020-03-06 00:53:30 +0000  1454 bytes for ./Payload/Pianote.app/assets/node_modules/react-native-vector-icons/glyphmaps/EvilIcons.json
2020-03-06 00:53:30 +0000  copying file ./Payload/Pianote.app/assets/node_modules/react-native-vector-icons/glyphmaps/FontAwesome5Free_meta.json ... 
2020-03-06 00:53:30 +0000  26240 bytes for ./Payload/Pianote.app/assets/node_modules/react-native-vector-icons/glyphmaps/FontAwesome5Free_meta.json
copying file ./Payload/Pianote.app/assets/node_modules/react-native-vector-icons/glyphmaps/FontAwesome.json ... 
2020-03-06 00:53:30 +0000  17437 bytes for ./Payload/Pianote.app/assets/node_modules/react-native-vector-icons/glyphmaps/FontAwesome.json
copying file ./Payload/Pianote.app/assets/node_modules/react-native-vector-icons/glyphmaps/Entypo.json ... 
2020-03-06 00:53:30 +0000  9486 bytes for ./Payload/Pianote.app/assets/node_modules/react-native-vector-icons/glyphmaps/Entypo.json
copying file ./Payload/Pianote.app/assets/node_modules/react-native-vector-icons/glyphmaps/SimpleLineIcons.json ... 
2020-03-06 00:53:30 +0000  4102 bytes for ./Payload/Pianote.app/assets/node_modules/react-native-vector-icons/glyphmaps/SimpleLineIcons.json
copying file ./Payload/Pianote.app/assets/node_modules/react-native-vector-icons/glyphmaps/AntDesign.json ... 
2020-03-06 00:53:30 +0000  6303 bytes for ./Payload/Pianote.app/assets/node_modules/react-native-vector-icons/glyphmaps/AntDesign.json
copying file ./Payload/Pianote.app/assets/node_modules/react-native-vector-icons/glyphmaps/FontAwesome5Free.json ... 
2020-03-06 00:53:30 +0000  30175 bytes for ./Payload/Pianote.app/assets/node_modules/react-native-vector-icons/glyphmaps/FontAwesome5Free.json
copying file ./Payload/Pianote.app/assets/node_modules/react-native-vector-icons/glyphmaps/Feather.json ... 
2020-03-06 00:53:30 +0000  5933 bytes for ./Payload/Pianote.app/assets/node_modules/react-native-vector-icons/glyphmaps/Feather.json
copying file ./Payload/Pianote.app/assets/node_modules/react-native-vector-icons/glyphmaps/MaterialCommunityIcons.json ... 
2020-03-06 00:53:30 +0000  97065 bytes for ./Payload/Pianote.app/assets/node_modules/react-native-vector-icons/glyphmaps/MaterialCommunityIcons.json
2020-03-06 00:53:30 +0000  copying file ./Payload/Pianote.app/assets/node_modules/entities/lib/maps/xml.json ... 
2020-03-06 00:53:30 +0000  64 bytes for ./Payload/Pianote.app/assets/node_modules/entities/lib/maps/xml.json
copying file ./Payload/Pianote.app/assets/node_modules/entities/lib/maps/decode.json ... 
2020-03-06 00:53:30 +0000  356 bytes for ./Payload/Pianote.app/assets/node_modules/entities/lib/maps/decode.json
copying file ./Payload/Pianote.app/assets/node_modules/entities/lib/maps/entities.json ... 
2020-03-06 00:53:30 +0000  44868 bytes for ./Payload/Pianote.app/assets/node_modules/entities/lib/maps/entities.json
copying file ./Payload/Pianote.app/assets/node_modules/entities/lib/maps/legacy.json ... 
2020-03-06 00:53:30 +0000  1961 bytes for ./Payload/Pianote.app/assets/node_modules/entities/lib/maps/legacy.json
2020-03-06 00:53:30 +0000  copying file ./Payload/Pianote.app/assets/src/assets/img/imgs/jonny-tobin.jpg ... 
2020-03-06 00:53:30 +0000  351777 bytes for ./Payload/Pianote.app/assets/src/assets/img/imgs/jonny-tobin.jpg
copying file ./Payload/Pianote.app/assets/src/assets/img/imgs/brett-ziegler.jpg ... 
2020-03-06 00:53:30 +0000  119760 bytes for ./Payload/Pianote.app/assets/src/assets/img/imgs/brett-ziegler.jpg
copying file ./Payload/Pianote.app/assets/src/assets/img/imgs/onboarding-sync.png ... 
2020-03-06 00:53:30 +0000  580285 bytes for ./Payload/Pianote.app/assets/src/assets/img/imgs/onboarding-sync.png
copying file ./Payload/Pianote.app/assets/src/assets/img/imgs/support.png ... 
2020-03-06 00:53:30 +0000  501259 bytes for ./Payload/Pianote.app/assets/src/assets/img/imgs/support.png
copying file ./Payload/Pianote.app/assets/src/assets/img/imgs/practice.png ... 
2020-03-06 00:53:30 +0000  430099 bytes for ./Payload/Pianote.app/assets/src/assets/img/imgs/practice.png
2020-03-06 00:53:30 +0000  copying file ./Payload/Pianote.app/assets/src/assets/img/imgs/kenny-werner.jpg ... 
2020-03-06 00:53:30 +0000  322069 bytes for ./Payload/Pianote.app/assets/src/assets/img/imgs/kenny-werner.jpg
2020-03-06 00:53:30 +0000  copying file ./Payload/Pianote.app/assets/src/assets/img/imgs/quickTips.jpg ... 
2020-03-06 00:53:30 +0000  73930 bytes for ./Payload/Pianote.app/assets/src/assets/img/imgs/quickTips.jpg
2020-03-06 00:53:30 +0000  copying file ./Payload/Pianote.app/assets/src/assets/img/imgs/favorite-songs.png ... 
2020-03-06 00:53:30 +0000  403596 bytes for ./Payload/Pianote.app/assets/src/assets/img/imgs/favorite-songs.png
copying file ./Payload/Pianote.app/assets/src/assets/img/imgs/devices.png ... 
2020-03-06 00:53:30 +0000  694518 bytes for ./Payload/Pianote.app/assets/src/assets/img/imgs/devices.png
2020-03-06 00:53:30 +0000  copying file ./Payload/Pianote.app/assets/src/assets/img/imgs/foundations-logo.png ... 
2020-03-06 00:53:30 +0000  25850 bytes for ./Payload/Pianote.app/assets/src/assets/img/imgs/foundations-logo.png
2020-03-06 00:53:30 +0000  copying file ./Payload/Pianote.app/assets/src/assets/img/imgs/nate-bosch.jpg ... 
2020-03-06 00:53:30 +0000  236070 bytes for ./Payload/Pianote.app/assets/src/assets/img/imgs/nate-bosch.jpg
2020-03-06 00:53:30 +0000  copying file ./Payload/Pianote.app/assets/src/assets/img/imgs/jay-oliver.jpg ... 
2020-03-06 00:53:30 +0000  353041 bytes for ./Payload/Pianote.app/assets/src/assets/img/imgs/jay-oliver.jpg
copying file ./Payload/Pianote.app/assets/src/assets/img/imgs/studentReview.jpg ... 
2020-03-06 00:53:30 +0000  74965 bytes for ./Payload/Pianote.app/assets/src/assets/img/imgs/studentReview.jpg
2020-03-06 00:53:30 +0000  copying file ./Payload/Pianote.app/assets/src/assets/img/imgs/500Songs.png ... 
2020-03-06 00:53:30 +0000  795984 bytes for ./Payload/Pianote.app/assets/src/assets/img/imgs/500Songs.png
2020-03-06 00:53:30 +0000  copying file ./Payload/Pianote.app/assets/src/assets/img/imgs/fasterFingers.png ... 
2020-03-06 00:53:30 +0000  785304 bytes for ./Payload/Pianote.app/assets/src/assets/img/imgs/fasterFingers.png
2020-03-06 00:53:30 +0000  copying file ./Payload/Pianote.app/assets/src/assets/img/imgs/onboarding-welcome-back.png ... 
2020-03-06 00:53:30 +0000  144430 bytes for ./Payload/Pianote.app/assets/src/assets/img/imgs/onboarding-welcome-back.png
2020-03-06 00:53:30 +0000  copying file ./Payload/Pianote.app/assets/src/assets/img/imgs/onboarding-download.png ... 
2020-03-06 00:53:30 +0000  148234 bytes for ./Payload/Pianote.app/assets/src/assets/img/imgs/onboarding-download.png
2020-03-06 00:53:30 +0000  copying file ./Payload/Pianote.app/assets/src/assets/img/imgs/sightReading.png ... 
2020-03-06 00:53:30 +0000  591841 bytes for ./Payload/Pianote.app/assets/src/assets/img/imgs/sightReading.png
copying file ./Payload/Pianote.app/assets/src/assets/img/imgs/cassi-falk.jpg ... 
2020-03-06 00:53:30 +0000  288388 bytes for ./Payload/Pianote.app/assets/src/assets/img/imgs/cassi-falk.jpg
2020-03-06 00:53:30 +0000  copying file ./Payload/Pianote.app/assets/src/assets/img/imgs/prescreenSongs.png ... 
2020-03-06 00:53:31 +0000  13195230 bytes for ./Payload/Pianote.app/assets/src/assets/img/imgs/prescreenSongs.png
copying file ./Payload/Pianote.app/assets/src/assets/img/imgs/JazzPiano.jpg ... 
2020-03-06 00:53:31 +0000  125462 bytes for ./Payload/Pianote.app/assets/src/assets/img/imgs/JazzPiano.jpg
copying file ./Payload/Pianote.app/assets/src/assets/img/imgs/lisa-foundations.png ... 
2020-03-06 00:53:31 +0000  879743 bytes for ./Payload/Pianote.app/assets/src/assets/img/imgs/lisa-foundations.png
2020-03-06 00:53:31 +0000  copying file ./Payload/Pianote.app/assets/src/assets/img/imgs/bootcamps.jpg ... 
2020-03-06 00:53:31 +0000  40045 bytes for ./Payload/Pianote.app/assets/src/assets/img/imgs/bootcamps.jpg
2020-03-06 00:53:31 +0000  copying file ./Payload/Pianote.app/assets/src/assets/img/imgs/lisa-witt.jpg ... 
2020-03-06 00:53:31 +0000  765215 bytes for ./Payload/Pianote.app/assets/src/assets/img/imgs/lisa-witt.jpg
copying file ./Payload/Pianote.app/assets/src/assets/img/imgs/image-1.jpg ... 
2020-03-06 00:53:31 +0000  151978 bytes for ./Payload/Pianote.app/assets/src/assets/img/imgs/image-1.jpg
2020-03-06 00:53:31 +0000  copying file ./Payload/Pianote.app/assets/src/assets/img/imgs/questionAnswer.jpg ... 
2020-03-06 00:53:31 +0000  35113 bytes for ./Payload/Pianote.app/assets/src/assets/img/imgs/questionAnswer.jpg
2020-03-06 00:53:31 +0000  copying file ./Payload/Pianote.app/assets/src/assets/img/imgs/jordan-leibel.jpg ... 
2020-03-06 00:53:31 +0000  304801 bytes for ./Payload/Pianote.app/assets/src/assets/img/imgs/jordan-leibel.jpg
2020-03-06 00:53:31 +0000  copying file ./Payload/Pianote.app/assets/src/assets/img/imgs/onboarding-lisa.png ... 
2020-03-06 00:53:31 +0000  1575993 bytes for ./Payload/Pianote.app/assets/src/assets/img/imgs/onboarding-lisa.png
copying file ./Payload/Pianote.app/assets/src/assets/img/imgs/backgroundHands.png ... 
2020-03-06 00:53:31 +0000  806691 bytes for ./Payload/Pianote.app/assets/src/assets/img/imgs/backgroundHands.png
2020-03-06 00:53:31 +0000  copying file ./Payload/Pianote.app/assets/src/assets/img/imgs/prescreenSupport.png ... 
2020-03-06 00:53:31 +0000  14813128 bytes for ./Payload/Pianote.app/assets/src/assets/img/imgs/prescreenSupport.png
2020-03-06 00:53:31 +0000  copying file ./Payload/Pianote.app/assets/src/assets/img/imgs/prescreenPractice.png ... 
2020-03-06 00:53:32 +0000  7868093 bytes for ./Payload/Pianote.app/assets/src/assets/img/imgs/prescreenPractice.png
2020-03-06 00:53:32 +0000  copying file ./Payload/Pianote.app/Roboto-Thin.ttf ... 
2020-03-06 00:53:32 +0000  171500 bytes for ./Payload/Pianote.app/Roboto-Thin.ttf
2020-03-06 00:53:32 +0000  copying file ./Payload/Pianote.app/LaunchImage-800-Landscape-736h@3x.png ... 
2020-03-06 00:53:32 +0000  41150 bytes for ./Payload/Pianote.app/LaunchImage-800-Landscape-736h@3x.png
2020-03-06 00:53:32 +0000  copying file ./Payload/Pianote.app/LaunchImage-700-Portrait@2x~ipad.png ... 
2020-03-06 00:53:32 +0000  49146 bytes for ./Payload/Pianote.app/LaunchImage-700-Portrait@2x~ipad.png
2020-03-06 00:53:32 +0000  copying file ./Payload/Pianote.app/LaunchImage-700-Landscape~ipad.png ... 
2020-03-06 00:53:32 +0000  21911 bytes for ./Payload/Pianote.app/LaunchImage-700-Landscape~ipad.png
copying file ./Payload/Pianote.app/Roboto-Black.ttf ... 
2020-03-06 00:53:32 +0000  171072 bytes for ./Payload/Pianote.app/Roboto-Black.ttf
2020-03-06 00:53:32 +0000  copying file ./Payload/Pianote.app/Info.plist ... 
2020-03-06 00:53:32 +0000  3231 bytes for ./Payload/Pianote.app/Info.plist
copying file ./Payload/Pianote.app/LaunchImage-1200-Landscape-2688h@3x.png ... 
2020-03-06 00:53:32 +0000  43366 bytes for ./Payload/Pianote.app/LaunchImage-1200-Landscape-2688h@3x.png
2020-03-06 00:53:32 +0000  copying file ./Payload/Pianote.app/PkgInfo ... 
8 bytes for ./Payload/Pianote.app/PkgInfo
2020-03-06 00:53:32 +0000  copying file ./Payload/Pianote.app/MaterialIcons.ttf ... 
2020-03-06 00:53:32 +0000  128180 bytes for ./Payload/Pianote.app/MaterialIcons.ttf
2020-03-06 00:53:32 +0000  /usr/bin/ditto exited with 0
2020-03-06 00:53:32 +0000  Processing step: IDEDistributionAppStoreInformationStep
2020-03-06 00:53:32 +0000  Skipping step: IDEDistributionAppStoreInformationStep because it said so
2020-03-06 00:53:32 +0000  Processing step: IDEDistributionCreateManifestStep
2020-03-06 00:53:32 +0000  Skipping step: IDEDistributionCreateManifestStep because it said so
